<?xml version="1.0" encoding="UTF-8"?>
<!-- Generated by org.testng.reporters.JUnitReportReporter -->
<testsuite hostname="Chaitanyas-MacBook-Pro.local" name="com.apex.api.test.user.UserAPITest_NG" tests="1" failures="0" timestamp="19 Jun 2021 01:09:14 GMT" time="0.982" errors="0">
  <testcase name="testDeletewithCorrectId" time="0.982" classname="com.apex.api.test.user.UserAPITest_NG"/>
</testsuite> <!-- com.apex.api.test.user.UserAPITest_NG -->
